[2025-10-16 17:12:09Z INFO HostContext] No proxy settings were found based on environmental variables (http_proxy/https_proxy/HTTP_PROXY/HTTPS_PROXY)
[2025-10-16 17:12:09Z INFO HostContext] Well known directory 'Bin': 'C:\Fuentes\WhatsAppLink\whatsapplink\actions-runner\bin'
[2025-10-16 17:12:09Z INFO HostContext] Well known directory 'Root': 'C:\Fuentes\WhatsAppLink\whatsapplink\actions-runner'
[2025-10-16 17:12:09Z INFO HostContext] Well known config file 'Credentials': 'C:\Fuentes\WhatsAppLink\whatsapplink\actions-runner\.credentials'
[2025-10-16 17:12:09Z INFO HostContext] Well known directory 'Bin': 'C:\Fuentes\WhatsAppLink\whatsapplink\actions-runner\bin'
[2025-10-16 17:12:09Z INFO HostContext] Well known directory 'Root': 'C:\Fuentes\WhatsAppLink\whatsapplink\actions-runner'
[2025-10-16 17:12:09Z INFO HostContext] Well known config file 'Runner': 'C:\Fuentes\WhatsAppLink\whatsapplink\actions-runner\.runner'
[2025-10-16 17:12:09Z INFO Listener] Runner is built for Windows (X64) - win-x64.
[2025-10-16 17:12:09Z INFO Listener] RuntimeInformation: Microsoft Windows 10.0.26100.
[2025-10-16 17:12:09Z INFO Listener] Version: 2.329.0
[2025-10-16 17:12:09Z INFO Listener] Commit: c76c59996c8fa32e989164a5a695efb12608ae5a
[2025-10-16 17:12:09Z INFO Listener] Culture: en-US
[2025-10-16 17:12:09Z INFO Listener] UI Culture: en-US
[2025-10-16 17:12:09Z INFO HostContext] Well known directory 'Bin': 'C:\Fuentes\WhatsAppLink\whatsapplink\actions-runner\bin'
[2025-10-16 17:12:09Z INFO HostContext] Well known directory 'Root': 'C:\Fuentes\WhatsAppLink\whatsapplink\actions-runner'
[2025-10-16 17:12:09Z INFO Listener] Validating directory permissions for: 'C:\Fuentes\WhatsAppLink\whatsapplink\actions-runner'
[2025-10-16 17:12:09Z INFO CommandLineParser] Parse
[2025-10-16 17:12:09Z INFO CommandLineParser] Parsing 1 args
[2025-10-16 17:12:09Z INFO CommandLineParser] parsing argument
[2025-10-16 17:12:09Z INFO CommandLineParser] HasArgs: False
[2025-10-16 17:12:09Z INFO CommandLineParser] Adding Command: run
[2025-10-16 17:12:09Z INFO Listener] Arguments parsed
[2025-10-16 17:12:09Z INFO Runner] ExecuteCommand
[2025-10-16 17:12:09Z INFO ConfigurationStore] currentAssemblyLocation: C:\Fuentes\WhatsAppLink\whatsapplink\actions-runner\bin\Runner.Listener.dll
[2025-10-16 17:12:09Z INFO HostContext] Well known directory 'Bin': 'C:\Fuentes\WhatsAppLink\whatsapplink\actions-runner\bin'
[2025-10-16 17:12:09Z INFO ConfigurationStore] binPath: C:\Fuentes\WhatsAppLink\whatsapplink\actions-runner\bin
[2025-10-16 17:12:09Z INFO HostContext] Well known directory 'Bin': 'C:\Fuentes\WhatsAppLink\whatsapplink\actions-runner\bin'
[2025-10-16 17:12:09Z INFO HostContext] Well known directory 'Root': 'C:\Fuentes\WhatsAppLink\whatsapplink\actions-runner'
[2025-10-16 17:12:09Z INFO ConfigurationStore] RootFolder: C:\Fuentes\WhatsAppLink\whatsapplink\actions-runner
[2025-10-16 17:12:09Z INFO HostContext] Well known directory 'Bin': 'C:\Fuentes\WhatsAppLink\whatsapplink\actions-runner\bin'
[2025-10-16 17:12:09Z INFO HostContext] Well known directory 'Root': 'C:\Fuentes\WhatsAppLink\whatsapplink\actions-runner'
[2025-10-16 17:12:09Z INFO HostContext] Well known config file 'Runner': 'C:\Fuentes\WhatsAppLink\whatsapplink\actions-runner\.runner'
[2025-10-16 17:12:09Z INFO ConfigurationStore] ConfigFilePath: C:\Fuentes\WhatsAppLink\whatsapplink\actions-runner\.runner
[2025-10-16 17:12:09Z INFO HostContext] Well known directory 'Bin': 'C:\Fuentes\WhatsAppLink\whatsapplink\actions-runner\bin'
[2025-10-16 17:12:09Z INFO HostContext] Well known directory 'Root': 'C:\Fuentes\WhatsAppLink\whatsapplink\actions-runner'
[2025-10-16 17:12:09Z INFO HostContext] Well known config file 'MigratedRunner': 'C:\Fuentes\WhatsAppLink\whatsapplink\actions-runner\.runner_migrated'
[2025-10-16 17:12:09Z INFO ConfigurationStore] MigratedConfigFilePath: C:\Fuentes\WhatsAppLink\whatsapplink\actions-runner\.runner_migrated
[2025-10-16 17:12:09Z INFO HostContext] Well known directory 'Bin': 'C:\Fuentes\WhatsAppLink\whatsapplink\actions-runner\bin'
[2025-10-16 17:12:09Z INFO HostContext] Well known directory 'Root': 'C:\Fuentes\WhatsAppLink\whatsapplink\actions-runner'
[2025-10-16 17:12:09Z INFO HostContext] Well known config file 'Credentials': 'C:\Fuentes\WhatsAppLink\whatsapplink\actions-runner\.credentials'
[2025-10-16 17:12:09Z INFO ConfigurationStore] CredFilePath: C:\Fuentes\WhatsAppLink\whatsapplink\actions-runner\.credentials
[2025-10-16 17:12:09Z INFO HostContext] Well known directory 'Bin': 'C:\Fuentes\WhatsAppLink\whatsapplink\actions-runner\bin'
[2025-10-16 17:12:09Z INFO HostContext] Well known directory 'Root': 'C:\Fuentes\WhatsAppLink\whatsapplink\actions-runner'
[2025-10-16 17:12:09Z INFO HostContext] Well known config file 'MigratedCredentials': 'C:\Fuentes\WhatsAppLink\whatsapplink\actions-runner\.credentials_migrated'
[2025-10-16 17:12:09Z INFO ConfigurationStore] MigratedCredFilePath: C:\Fuentes\WhatsAppLink\whatsapplink\actions-runner\.credentials_migrated
[2025-10-16 17:12:09Z INFO HostContext] Well known directory 'Bin': 'C:\Fuentes\WhatsAppLink\whatsapplink\actions-runner\bin'
[2025-10-16 17:12:09Z INFO HostContext] Well known directory 'Root': 'C:\Fuentes\WhatsAppLink\whatsapplink\actions-runner'
[2025-10-16 17:12:09Z INFO HostContext] Well known config file 'Service': 'C:\Fuentes\WhatsAppLink\whatsapplink\actions-runner\.service'
[2025-10-16 17:12:09Z INFO ConfigurationStore] ServiceConfigFilePath: C:\Fuentes\WhatsAppLink\whatsapplink\actions-runner\.service
[2025-10-16 17:12:09Z INFO CommandSettings] Flag 'help': 'False'
[2025-10-16 17:12:09Z INFO CommandSettings] Flag 'version': 'False'
[2025-10-16 17:12:09Z INFO CommandSettings] Flag 'commit': 'False'
[2025-10-16 17:12:09Z INFO CommandSettings] Flag 'check': 'False'
[2025-10-16 17:12:09Z INFO CommandSettings] Command 'configure': 'False'
[2025-10-16 17:12:09Z INFO CommandSettings] Command 'remove': 'False'
[2025-10-16 17:12:09Z INFO CommandSettings] Command 'warmup': 'False'
[2025-10-16 17:12:09Z INFO ConfigurationManager] LoadSettings
[2025-10-16 17:12:09Z INFO ConfigurationStore] IsConfigured()
[2025-10-16 17:12:09Z INFO ConfigurationStore] IsConfigured: False
[2025-10-16 17:12:09Z INFO ConfigurationManager] Is configured: False
[2025-10-16 17:12:09Z ERR  Terminal] WRITE ERROR: An error occurred: Not configured. Run config.(sh/cmd) to configure the runner.
[2025-10-16 17:12:09Z ERR  Listener] GitHub.Runner.Common.NonRetryableException: Not configured. Run config.(sh/cmd) to configure the runner.
   at GitHub.Runner.Listener.Configuration.ConfigurationManager.LoadSettings()
   at GitHub.Runner.Listener.Runner.ExecuteCommand(CommandSettings command)
   at GitHub.Runner.Listener.Program.MainAsync(IHostContext context, String[] args)
